<?xml version="1.0" encoding="UTF-8"?>
<coverage generated="1741617805">
  <project timestamp="1741617805">
    <file name="/Users/neurotools/Developer/voyager/src/Actions/AbstractAction.php">
      <class name="TCG\Voyager\Actions\AbstractAction" namespace="global">
        <metrics complexity="11" methods="8" coveredmethods="6" conditionals="0" coveredconditionals="0" statements="14" coveredstatements="12" elements="22" coveredelements="18"/>
      </class>
      <line num="10" type="method" name="__construct" visibility="public" complexity="1" crap="1" count="32"/>
      <line num="12" type="stmt" count="32"/>
      <line num="13" type="stmt" count="32"/>
      <line num="16" type="method" name="getDataType" visibility="public" complexity="1" crap="1" count="30"/>
      <line num="18" type="stmt" count="30"/>
      <line num="20" type="method" name="getPolicy" visibility="public" complexity="1" crap="2" count="0"/>
      <line num="22" type="stmt" count="0"/>
      <line num="24" type="method" name="getRoute" visibility="public" complexity="2" crap="2" count="30"/>
      <line num="26" type="stmt" count="30"/>
      <line num="27" type="stmt" count="1"/>
      <line num="29" type="stmt" count="29"/>
      <line num="33" type="method" name="getAttributes" visibility="public" complexity="1" crap="2" count="0"/>
      <line num="35" type="stmt" count="0"/>
      <line num="38" type="method" name="convertAttributesToHtml" visibility="public" complexity="2" crap="2" count="29"/>
      <line num="40" type="stmt" count="29"/>
      <line num="42" type="stmt" count="29"/>
      <line num="43" type="stmt" count="29"/>
      <line num="46" type="stmt" count="29"/>
      <line num="49" type="method" name="shouldActionDisplayOnDataType" visibility="public" complexity="2" crap="2" count="32"/>
      <line num="51" type="stmt" count="32"/>
      <line num="54" type="method" name="shouldActionDisplayOnRow" visibility="public" complexity="1" crap="1" count="28"/>
      <line num="56" type="stmt" count="28"/>
      <metrics loc="59" ncloc="59" classes="1" methods="8" coveredmethods="6" conditionals="0" coveredconditionals="0" statements="14" coveredstatements="12" elements="22" coveredelements="18"/>
    </file>
    <file name="/Users/neurotools/Developer/voyager/src/Actions/ActionInterface.php">
      <metrics loc="21" ncloc="21" classes="0" methods="0" coveredmethods="0" conditionals="0" coveredconditionals="0" statements="0" coveredstatements="0" elements="0" coveredelements="0"/>
    </file>
    <file name="/Users/neurotools/Developer/voyager/src/Actions/DeleteAction.php">
      <class name="TCG\Voyager\Actions\DeleteAction" namespace="global">
        <metrics complexity="5" methods="5" coveredmethods="5" conditionals="0" coveredconditionals="0" statements="9" coveredstatements="9" elements="14" coveredelements="14"/>
      </class>
      <line num="7" type="method" name="getTitle" visibility="public" complexity="1" crap="1" count="27"/>
      <line num="9" type="stmt" count="27"/>
      <line num="12" type="method" name="getIcon" visibility="public" complexity="1" crap="1" count="27"/>
      <line num="14" type="stmt" count="27"/>
      <line num="17" type="method" name="getPolicy" visibility="public" complexity="1" crap="1" count="28"/>
      <line num="19" type="stmt" count="28"/>
      <line num="22" type="method" name="getAttributes" visibility="public" complexity="1" crap="1" count="27"/>
      <line num="24" type="stmt" count="27"/>
      <line num="25" type="stmt" count="27"/>
      <line num="26" type="stmt" count="27"/>
      <line num="27" type="stmt" count="27"/>
      <line num="28" type="stmt" count="27"/>
      <line num="31" type="method" name="getDefaultRoute" visibility="public" complexity="1" crap="1" count="27"/>
      <line num="33" type="stmt" count="27"/>
      <metrics loc="36" ncloc="36" classes="1" methods="5" coveredmethods="5" conditionals="0" coveredconditionals="0" statements="9" coveredstatements="9" elements="14" coveredelements="14"/>
    </file>
    <file name="/Users/neurotools/Developer/voyager/src/Actions/EditAction.php">
      <class name="TCG\Voyager\Actions\EditAction" namespace="global">
        <metrics complexity="5" methods="5" coveredmethods="5" conditionals="0" coveredconditionals="0" statements="7" coveredstatements="7" elements="12" coveredelements="12"/>
      </class>
      <line num="7" type="method" name="getTitle" visibility="public" complexity="1" crap="1" count="28"/>
      <line num="9" type="stmt" count="28"/>
      <line num="12" type="method" name="getIcon" visibility="public" complexity="1" crap="1" count="28"/>
      <line num="14" type="stmt" count="28"/>
      <line num="17" type="method" name="getPolicy" visibility="public" complexity="1" crap="1" count="28"/>
      <line num="19" type="stmt" count="28"/>
      <line num="22" type="method" name="getAttributes" visibility="public" complexity="1" crap="1" count="28"/>
      <line num="24" type="stmt" count="28"/>
      <line num="25" type="stmt" count="28"/>
      <line num="26" type="stmt" count="28"/>
      <line num="29" type="method" name="getDefaultRoute" visibility="public" complexity="1" crap="1" count="28"/>
      <line num="31" type="stmt" count="28"/>
      <metrics loc="34" ncloc="34" classes="1" methods="5" coveredmethods="5" conditionals="0" coveredconditionals="0" statements="7" coveredstatements="7" elements="12" coveredelements="12"/>
    </file>
    <file name="/Users/neurotools/Developer/voyager/src/Actions/RestoreAction.php">
      <class name="TCG\Voyager\Actions\RestoreAction" namespace="global">
        <metrics complexity="5" methods="5" coveredmethods="1" conditionals="0" coveredconditionals="0" statements="9" coveredstatements="1" elements="14" coveredelements="2"/>
      </class>
      <line num="7" type="method" name="getTitle" visibility="public" complexity="1" crap="2" count="0"/>
      <line num="9" type="stmt" count="0"/>
      <line num="12" type="method" name="getIcon" visibility="public" complexity="1" crap="2" count="0"/>
      <line num="14" type="stmt" count="0"/>
      <line num="17" type="method" name="getPolicy" visibility="public" complexity="1" crap="1" count="28"/>
      <line num="19" type="stmt" count="28"/>
      <line num="22" type="method" name="getAttributes" visibility="public" complexity="1" crap="2" count="0"/>
      <line num="24" type="stmt" count="0"/>
      <line num="25" type="stmt" count="0"/>
      <line num="26" type="stmt" count="0"/>
      <line num="27" type="stmt" count="0"/>
      <line num="28" type="stmt" count="0"/>
      <line num="31" type="method" name="getDefaultRoute" visibility="public" complexity="1" crap="2" count="0"/>
      <line num="33" type="stmt" count="0"/>
      <metrics loc="36" ncloc="36" classes="1" methods="5" coveredmethods="1" conditionals="0" coveredconditionals="0" statements="9" coveredstatements="1" elements="14" coveredelements="2"/>
    </file>
    <file name="/Users/neurotools/Developer/voyager/src/Actions/ViewAction.php">
      <class name="TCG\Voyager\Actions\ViewAction" namespace="global">
        <metrics complexity="5" methods="5" coveredmethods="5" conditionals="0" coveredconditionals="0" statements="7" coveredstatements="7" elements="12" coveredelements="12"/>
      </class>
      <line num="7" type="method" name="getTitle" visibility="public" complexity="1" crap="1" count="28"/>
      <line num="9" type="stmt" count="28"/>
      <line num="12" type="method" name="getIcon" visibility="public" complexity="1" crap="1" count="28"/>
      <line num="14" type="stmt" count="28"/>
      <line num="17" type="method" name="getPolicy" visibility="public" complexity="1" crap="1" count="28"/>
      <line num="19" type="stmt" count="28"/>
      <line num="22" type="method" name="getAttributes" visibility="public" complexity="1" crap="1" count="28"/>
      <line num="24" type="stmt" count="28"/>
      <line num="25" type="stmt" count="28"/>
      <line num="26" type="stmt" count="28"/>
      <line num="29" type="method" name="getDefaultRoute" visibility="public" complexity="1" crap="1" count="28"/>
      <line num="31" type="stmt" count="28"/>
      <metrics loc="34" ncloc="34" classes="1" methods="5" coveredmethods="5" conditionals="0" coveredconditionals="0" statements="7" coveredstatements="7" elements="12" coveredelements="12"/>
    </file>
    <file name="/Users/neurotools/Developer/voyager/src/Alert.php">
      <class name="TCG\Voyager\Alert" namespace="global">
        <metrics complexity="4" methods="4" coveredmethods="4" conditionals="0" coveredconditionals="0" statements="9" coveredstatements="9" elements="13" coveredelements="13"/>
      </class>
      <line num="14" type="method" name="__construct" visibility="public" complexity="1" crap="1" count="3"/>
      <line num="16" type="stmt" count="3"/>
      <line num="17" type="stmt" count="3"/>
      <line num="20" type="method" name="addComponent" visibility="public" complexity="1" crap="1" count="3"/>
      <line num="22" type="stmt" count="3"/>
      <line num="24" type="stmt" count="3"/>
      <line num="27" type="method" name="__get" visibility="public" complexity="1" crap="1" count="2"/>
      <line num="29" type="stmt" count="2"/>
      <line num="32" type="method" name="__call" visibility="public" complexity="1" crap="1" count="3"/>
      <line num="34" type="stmt" count="3"/>
      <line num="35" type="stmt" count="3"/>
      <line num="37" type="stmt" count="3"/>
      <line num="39" type="stmt" count="3"/>
      <metrics loc="42" ncloc="42" classes="1" methods="4" coveredmethods="4" conditionals="0" coveredconditionals="0" statements="9" coveredstatements="9" elements="13" coveredelements="13"/>
    </file>
    <file name="/Users/neurotools/Developer/voyager/src/Alert/Components/AbstractComponent.php">
      <class name="TCG\Voyager\Alert\Components\AbstractComponent" namespace="global">
        <metrics complexity="2" methods="2" coveredmethods="1" conditionals="0" coveredconditionals="0" statements="3" coveredstatements="2" elements="5" coveredelements="3"/>
      </class>
      <line num="11" type="method" name="setAlert" visibility="public" complexity="1" crap="1" count="3"/>
      <line num="13" type="stmt" count="3"/>
      <line num="15" type="stmt" count="3"/>
      <line num="18" type="method" name="__call" visibility="public" complexity="1" crap="2" count="0"/>
      <line num="20" type="stmt" count="0"/>
      <metrics loc="23" ncloc="23" classes="1" methods="2" coveredmethods="1" conditionals="0" coveredconditionals="0" statements="3" coveredstatements="2" elements="5" coveredelements="3"/>
    </file>
    <file name="/Users/neurotools/Developer/voyager/src/Alert/Components/ButtonComponent.php">
      <class name="TCG\Voyager\Alert\Components\ButtonComponent" namespace="global">
        <metrics complexity="2" methods="2" coveredmethods="2" conditionals="0" coveredconditionals="0" statements="4" coveredstatements="4" elements="6" coveredelements="6"/>
      </class>
      <line num="11" type="method" name="create" visibility="public" complexity="1" crap="1" count="2"/>
      <line num="13" type="stmt" count="2"/>
      <line num="14" type="stmt" count="2"/>
      <line num="15" type="stmt" count="2"/>
      <line num="18" type="method" name="render" visibility="public" complexity="1" crap="1" count="2"/>
      <line num="20" type="stmt" count="2"/>
      <metrics loc="23" ncloc="23" classes="1" methods="2" coveredmethods="2" conditionals="0" coveredconditionals="0" statements="4" coveredstatements="4" elements="6" coveredelements="6"/>
    </file>
    <file name="/Users/neurotools/Developer/voyager/src/Alert/Components/ComponentInterface.php">
      <metrics loc="9" ncloc="9" classes="0" methods="0" coveredmethods="0" conditionals="0" coveredconditionals="0" statements="0" coveredstatements="0" elements="0" coveredelements="0"/>
    </file>
    <file name="/Users/neurotools/Developer/voyager/src/Alert/Components/TextComponent.php">
      <class name="TCG\Voyager\Alert\Components\TextComponent" namespace="global">
        <metrics complexity="2" methods="2" coveredmethods="2" conditionals="0" coveredconditionals="0" statements="2" coveredstatements="2" elements="4" coveredelements="4"/>
      </class>
      <line num="9" type="method" name="create" visibility="public" complexity="1" crap="1" count="2"/>
      <line num="11" type="stmt" count="2"/>
      <line num="14" type="method" name="render" visibility="public" complexity="1" crap="1" count="2"/>
      <line num="16" type="stmt" count="2"/>
      <metrics loc="19" ncloc="19" classes="1" methods="2" coveredmethods="2" conditionals="0" coveredconditionals="0" statements="2" coveredstatements="2" elements="4" coveredelements="4"/>
    </file>
    <file name="/Users/neurotools/Developer/voyager/src/Alert/Components/TitleComponent.php">
      <class name="TCG\Voyager\Alert\Components\TitleComponent" namespace="global">
        <metrics complexity="2" methods="2" coveredmethods="2" conditionals="0" coveredconditionals="0" statements="2" coveredstatements="2" elements="4" coveredelements="4"/>
      </class>
      <line num="9" type="method" name="create" visibility="public" complexity="1" crap="1" count="3"/>
      <line num="11" type="stmt" count="3"/>
      <line num="14" type="method" name="render" visibility="public" complexity="1" crap="1" count="2"/>
      <line num="16" type="stmt" count="2"/>
      <metrics loc="19" ncloc="19" classes="1" methods="2" coveredmethods="2" conditionals="0" coveredconditionals="0" statements="2" coveredstatements="2" elements="4" coveredelements="4"/>
    </file>
    <file name="/Users/neurotools/Developer/voyager/src/Commands/AdminCommand.php">
      <class name="TCG\Voyager\Commands\AdminCommand" namespace="global">
        <metrics complexity="12" methods="6" coveredmethods="2" conditionals="0" coveredconditionals="0" statements="50" coveredstatements="6" elements="56" coveredelements="8"/>
      </class>
      <line num="31" type="method" name="getOptions" visibility="protected" complexity="1" crap="1" count="127"/>
      <line num="33" type="stmt" count="127"/>
      <line num="34" type="stmt" count="127"/>
      <line num="35" type="stmt" count="127"/>
      <line num="38" type="method" name="fire" visibility="public" complexity="1" crap="2" count="0"/>
      <line num="40" type="stmt" count="0"/>
      <line num="48" type="method" name="handle" visibility="public" complexity="2" crap="6" count="0"/>
      <line num="51" type="stmt" count="0"/>
      <line num="52" type="stmt" count="0"/>
      <line num="53" type="stmt" count="0"/>
      <line num="56" type="stmt" count="0"/>
      <line num="57" type="stmt" count="0"/>
      <line num="61" type="stmt" count="0"/>
      <line num="64" type="stmt" count="0"/>
      <line num="67" type="stmt" count="0"/>
      <line num="68" type="stmt" count="0"/>
      <line num="69" type="stmt" count="0"/>
      <line num="72" type="stmt" count="0"/>
      <line num="73" type="stmt" count="0"/>
      <line num="75" type="stmt" count="0"/>
      <line num="83" type="method" name="getArguments" visibility="protected" complexity="1" crap="1" count="127"/>
      <line num="85" type="stmt" count="127"/>
      <line num="86" type="stmt" count="127"/>
      <line num="87" type="stmt" count="127"/>
      <line num="95" type="method" name="getAdministratorRole" visibility="protected" complexity="2" crap="6" count="0"/>
      <line num="97" type="stmt" count="0"/>
      <line num="98" type="stmt" count="0"/>
      <line num="99" type="stmt" count="0"/>
      <line num="101" type="stmt" count="0"/>
      <line num="102" type="stmt" count="0"/>
      <line num="103" type="stmt" count="0"/>
      <line num="104" type="stmt" count="0"/>
      <line num="107" type="stmt" count="0"/>
      <line num="117" type="method" name="getUser" visibility="protected" complexity="5" crap="30" count="0"/>
      <line num="119" type="stmt" count="0"/>
      <line num="121" type="stmt" count="0"/>
      <line num="122" type="stmt" count="0"/>
      <line num="125" type="stmt" count="0"/>
      <line num="126" type="stmt" count="0"/>
      <line num="127" type="stmt" count="0"/>
      <line num="128" type="stmt" count="0"/>
      <line num="131" type="stmt" count="0"/>
      <line num="132" type="stmt" count="0"/>
      <line num="137" type="stmt" count="0"/>
      <line num="138" type="stmt" count="0"/>
      <line num="140" type="stmt" count="0"/>
      <line num="144" type="stmt" count="0"/>
      <line num="145" type="stmt" count="0"/>
      <line num="147" type="stmt" count="0"/>
      <line num="150" type="stmt" count="0"/>
      <line num="152" type="stmt" count="0"/>
      <line num="153" type="stmt" count="0"/>
      <line num="154" type="stmt" count="0"/>
      <line num="155" type="stmt" count="0"/>
      <line num="156" type="stmt" count="0"/>
      <line num="159" type="stmt" count="0"/>
      <metrics loc="162" ncloc="117" classes="1" methods="6" coveredmethods="2" conditionals="0" coveredconditionals="0" statements="50" coveredstatements="6" elements="56" coveredelements="8"/>
    </file>
    <file name="/Users/neurotools/Developer/voyager/src/Commands/ControllersCommand.php">
      <class name="TCG\Voyager\Commands\ControllersCommand" namespace="global">
        <metrics complexity="12" methods="6" coveredmethods="2" conditionals="0" coveredconditionals="0" statements="49" coveredstatements="5" elements="55" coveredelements="7"/>
      </class>
      <line num="45" type="method" name="__construct" visibility="public" complexity="1" crap="1" count="127"/>
      <line num="47" type="stmt" count="127"/>
      <line num="49" type="stmt" count="127"/>
      <line num="52" type="method" name="fire" visibility="public" complexity="1" crap="2" count="0"/>
      <line num="54" type="stmt" count="0"/>
      <line num="62" type="method" name="handle" visibility="public" complexity="7" crap="56" count="0"/>
      <line num="64" type="stmt" count="0"/>
      <line num="65" type="stmt" count="0"/>
      <line num="66" type="stmt" count="0"/>
      <line num="68" type="stmt" count="0"/>
      <line num="70" type="stmt" count="0"/>
      <line num="71" type="stmt" count="0"/>
      <line num="74" type="stmt" count="0"/>
      <line num="76" type="stmt" count="0"/>
      <line num="77" type="stmt" count="0"/>
      <line num="80" type="stmt" count="0"/>
      <line num="81" type="stmt" count="0"/>
      <line num="82" type="stmt" count="0"/>
      <line num="84" type="stmt" count="0"/>
      <line num="85" type="stmt" count="0"/>
      <line num="88" type="stmt" count="0"/>
      <line num="90" type="stmt" count="0"/>
      <line num="91" type="stmt" count="0"/>
      <line num="92" type="stmt" count="0"/>
      <line num="93" type="stmt" count="0"/>
      <line num="97" type="stmt" count="0"/>
      <line num="105" type="method" name="getStub" visibility="public" complexity="1" crap="2" count="0"/>
      <line num="107" type="stmt" count="0"/>
      <line num="118" type="method" name="generateContent" visibility="protected" complexity="1" crap="2" count="0"/>
      <line num="120" type="stmt" count="0"/>
      <line num="122" type="stmt" count="0"/>
      <line num="123" type="stmt" count="0"/>
      <line num="124" type="stmt" count="0"/>
      <line num="125" type="stmt" count="0"/>
      <line num="126" type="stmt" count="0"/>
      <line num="128" type="stmt" count="0"/>
      <line num="129" type="stmt" count="0"/>
      <line num="130" type="stmt" count="0"/>
      <line num="131" type="stmt" count="0"/>
      <line num="132" type="stmt" count="0"/>
      <line num="134" type="stmt" count="0"/>
      <line num="135" type="stmt" count="0"/>
      <line num="136" type="stmt" count="0"/>
      <line num="137" type="stmt" count="0"/>
      <line num="138" type="stmt" count="0"/>
      <line num="140" type="stmt" count="0"/>
      <line num="141" type="stmt" count="0"/>
      <line num="142" type="stmt" count="0"/>
      <line num="143" type="stmt" count="0"/>
      <line num="144" type="stmt" count="0"/>
      <line num="146" type="stmt" count="0"/>
      <line num="154" type="method" name="getOptions" visibility="protected" complexity="1" crap="1" count="127"/>
      <line num="156" type="stmt" count="127"/>
      <line num="157" type="stmt" count="127"/>
      <line num="158" type="stmt" count="127"/>
      <metrics loc="161" ncloc="113" classes="1" methods="6" coveredmethods="2" conditionals="0" coveredconditionals="0" statements="49" coveredstatements="5" elements="55" coveredelements="7"/>
    </file>
    <file name="/Users/neurotools/Developer/voyager/src/Commands/InstallCommand.php">
      <class name="TCG\Voyager\Commands\InstallCommand" namespace="global">
        <metrics complexity="13" methods="5" coveredmethods="2" conditionals="0" coveredconditionals="0" statements="50" coveredstatements="36" elements="55" coveredelements="38"/>
      </class>
      <line num="42" type="method" name="__construct" visibility="public" complexity="1" crap="1" count="127"/>
      <line num="44" type="stmt" count="127"/>
      <line num="46" type="stmt" count="127"/>
      <line num="47" type="stmt" count="127"/>
      <line num="51" type="method" name="getOptions" visibility="protected" complexity="1" crap="1" count="127"/>
      <line num="53" type="stmt" count="127"/>
      <line num="54" type="stmt" count="127"/>
      <line num="55" type="stmt" count="127"/>
      <line num="56" type="stmt" count="127"/>
      <line num="64" type="method" name="findComposer" visibility="protected" complexity="2" crap="6" count="0"/>
      <line num="66" type="stmt" count="0"/>
      <line num="67" type="stmt" count="0"/>
      <line num="70" type="stmt" count="0"/>
      <line num="73" type="method" name="fire" visibility="public" complexity="1" crap="2" count="0"/>
      <line num="75" type="stmt" count="0"/>
      <line num="85" type="method" name="handle" visibility="public" complexity="8" crap="9.08" count="127"/>
      <line num="87" type="stmt" count="127"/>
      <line num="90" type="stmt" count="127"/>
      <line num="92" type="stmt" count="127"/>
      <line num="94" type="stmt" count="127"/>
      <line num="95" type="stmt" count="127"/>
      <line num="97" type="stmt" count="127"/>
      <line num="98" type="stmt" count="127"/>
      <line num="99" type="stmt" count="0"/>
      <line num="101" type="stmt" count="0"/>
      <line num="103" type="stmt" count="0"/>
      <line num="104" type="stmt" count="0"/>
      <line num="106" type="stmt" count="0"/>
      <line num="109" type="stmt" count="127"/>
      <line num="110" type="stmt" count="127"/>
      <line num="113" type="stmt" count="127"/>
      <line num="114" type="stmt" count="127"/>
      <line num="115" type="stmt" count="127"/>
      <line num="116" type="stmt" count="0"/>
      <line num="117" type="stmt" count="0"/>
      <line num="118" type="stmt" count="0"/>
      <line num="119" type="stmt" count="0"/>
      <line num="122" type="stmt" count="127"/>
      <line num="124" type="stmt" count="127"/>
      <line num="125" type="stmt" count="127"/>
      <line num="126" type="stmt" count="127"/>
      <line num="127" type="stmt" count="127"/>
      <line num="129" type="stmt" count="0"/>
      <line num="132" type="stmt" count="127"/>
      <line num="133" type="stmt" count="127"/>
      <line num="135" type="stmt" count="127"/>
      <line num="136" type="stmt" count="127"/>
      <line num="138" type="stmt" count="127"/>
      <line num="139" type="stmt" count="127"/>
      <line num="140" type="stmt" count="127"/>
      <line num="142" type="stmt" count="127"/>
      <line num="143" type="stmt" count="127"/>
      <line num="146" type="stmt" count="127"/>
      <line num="147" type="stmt" count="127"/>
      <line num="149" type="stmt" count="127"/>
      <metrics loc="153" ncloc="120" classes="1" methods="5" coveredmethods="2" conditionals="0" coveredconditionals="0" statements="50" coveredstatements="36" elements="55" coveredelements="38"/>
    </file>
    <file name="/Users/neurotools/Developer/voyager/src/Commands/MakeModelCommand.php">
      <class name="TCG\Voyager\Commands\MakeModelCommand" namespace="global">
        <metrics complexity="5" methods="4" coveredmethods="1" conditionals="0" coveredconditionals="0" statements="14" coveredstatements="4" elements="18" coveredelements="5"/>
      </class>
      <line num="29" type="method" name="getStub" visibility="protected" complexity="1" crap="2" count="0"/>
      <line num="31" type="stmt" count="0"/>
      <line num="41" type="method" name="buildClass" visibility="protected" complexity="1" crap="2" count="0"/>
      <line num="43" type="stmt" count="0"/>
      <line num="45" type="stmt" count="0"/>
      <line num="55" type="method" name="addSoftDelete" visibility="protected" complexity="2" crap="6" count="0"/>
      <line num="57" type="stmt" count="0"/>
      <line num="59" type="stmt" count="0"/>
      <line num="60" type="stmt" count="0"/>
      <line num="61" type="stmt" count="0"/>
      <line num="64" type="stmt" count="0"/>
      <line num="65" type="stmt" count="0"/>
      <line num="67" type="stmt" count="0"/>
      <line num="75" type="method" name="getOptions" visibility="protected" complexity="1" crap="1" count="127"/>
      <line num="77" type="stmt" count="127"/>
      <line num="78" type="stmt" count="127"/>
      <line num="79" type="stmt" count="127"/>
      <line num="81" type="stmt" count="127"/>
      <metrics loc="84" ncloc="50" classes="1" methods="4" coveredmethods="1" conditionals="0" coveredconditionals="0" statements="14" coveredstatements="4" elements="18" coveredelements="5"/>
    </file>
    <file name="/Users/neurotools/Developer/voyager/src/Contracts/User.php">
      <metrics loc="19" ncloc="19" classes="0" methods="0" coveredmethods="0" conditionals="0" coveredconditionals="0" statements="0" coveredstatements="0" elements="0" coveredelements="0"/>
    </file>
    <file name="/Users/neurotools/Developer/voyager/src/Database/DatabaseUpdater.php">
      <class name="TCG\Voyager\Database\DatabaseUpdater" namespace="global">
        <metrics complexity="27" methods="7" coveredmethods="4" conditionals="0" coveredconditionals="0" statements="60" coveredstatements="40" elements="67" coveredelements="44"/>
      </class>
      <line num="18" type="method" name="__construct" visibility="public" complexity="1" crap="1" count="2"/>
      <line num="20" type="stmt" count="2"/>
      <line num="22" type="stmt" count="2"/>
      <line num="23" type="stmt" count="2"/>
      <line num="24" type="stmt" count="2"/>
      <line num="32" type="method" name="update" visibility="public" complexity="3" crap="3.04" count="2"/>
      <line num="34" type="stmt" count="2"/>
      <line num="35" type="stmt" count="0"/>
      <line num="38" type="stmt" count="2"/>
      <line num="39" type="stmt" count="1"/>
      <line num="42" type="stmt" count="2"/>
      <line num="44" type="stmt" count="2"/>
      <line num="52" type="method" name="updateTable" visibility="public" complexity="7" crap="7" count="2"/>
      <line num="55" type="stmt" count="2"/>
      <line num="57" type="stmt" count="1"/>
      <line num="58" type="stmt" count="1"/>
      <line num="61" type="stmt" count="2"/>
      <line num="65" type="stmt" count="2"/>
      <line num="66" type="stmt" count="1"/>
      <line num="69" type="stmt" count="1"/>
      <line num="72" type="stmt" count="2"/>
      <line num="75" type="stmt" count="2"/>
      <line num="76" type="stmt" count="1"/>
      <line num="77" type="stmt" count="1"/>
      <line num="78" type="stmt" count="1"/>
      <line num="81" type="stmt" count="1"/>
      <line num="85" type="stmt" count="2"/>
      <line num="86" type="stmt" count="1"/>
      <line num="95" type="method" name="getRenamedColumnsDiff" visibility="protected" complexity="3" crap="3" count="2"/>
      <line num="97" type="stmt" count="2"/>
      <line num="99" type="stmt" count="2"/>
      <line num="100" type="stmt" count="2"/>
      <line num="103" type="stmt" count="1"/>
      <line num="104" type="stmt" count="1"/>
      <line num="106" type="stmt" count="1"/>
      <line num="107" type="stmt" count="1"/>
      <line num="110" type="stmt" count="1"/>
      <line num="118" type="method" name="getRenamedDiff" visibility="protected" complexity="5" crap="30" count="0"/>
      <line num="120" type="stmt" count="0"/>
      <line num="121" type="stmt" count="0"/>
      <line num="123" type="stmt" count="0"/>
      <line num="124" type="stmt" count="0"/>
      <line num="127" type="stmt" count="0"/>
      <line num="128" type="stmt" count="0"/>
      <line num="130" type="stmt" count="0"/>
      <line num="131" type="stmt" count="0"/>
      <line num="134" type="stmt" count="0"/>
      <line num="135" type="stmt" count="0"/>
      <line num="138" type="stmt" count="0"/>
      <line num="146" type="method" name="getRenamedColumns" visibility="protected" complexity="4" crap="4" count="2"/>
      <line num="148" type="stmt" count="2"/>
      <line num="150" type="stmt" count="2"/>
      <line num="151" type="stmt" count="2"/>
      <line num="154" type="stmt" count="2"/>
      <line num="155" type="stmt" count="2"/>
      <line num="157" type="stmt" count="2"/>
      <line num="158" type="stmt" count="1"/>
      <line num="163" type="stmt" count="2"/>
      <line num="171" type="method" name="getRenamedIndexes" visibility="protected" complexity="4" crap="20" count="0"/>
      <line num="173" type="stmt" count="0"/>
      <line num="175" type="stmt" count="0"/>
      <line num="176" type="stmt" count="0"/>
      <line num="179" type="stmt" count="0"/>
      <line num="180" type="stmt" count="0"/>
      <line num="182" type="stmt" count="0"/>
      <line num="183" type="stmt" count="0"/>
      <line num="188" type="stmt" count="0"/>
      <metrics loc="191" ncloc="153" classes="1" methods="7" coveredmethods="4" conditionals="0" coveredconditionals="0" statements="60" coveredstatements="40" elements="67" coveredelements="44"/>
    </file>
    <file name="/Users/neurotools/Developer/voyager/src/Database/Platforms/Mysql.php">
      <class name="TCG\Voyager\Database\Platforms\Mysql" namespace="global">
        <metrics complexity="2" methods="2" coveredmethods="0" conditionals="0" coveredconditionals="0" statements="22" coveredstatements="0" elements="24" coveredelements="0"/>
      </class>
      <line num="10" type="method" name="getTypes" visibility="public" complexity="1" crap="2" count="0"/>
      <line num="12" type="stmt" count="0"/>
      <line num="13" type="stmt" count="0"/>
      <line num="14" type="stmt" count="0"/>
      <line num="15" type="stmt" count="0"/>
      <line num="16" type="stmt" count="0"/>
      <line num="17" type="stmt" count="0"/>
      <line num="19" type="stmt" count="0"/>
      <line num="22" type="method" name="registerCustomTypeOptions" visibility="public" complexity="1" crap="2" count="0"/>
      <line num="25" type="stmt" count="0"/>
      <line num="26" type="stmt" count="0"/>
      <line num="27" type="stmt" count="0"/>
      <line num="28" type="stmt" count="0"/>
      <line num="31" type="stmt" count="0"/>
      <line num="32" type="stmt" count="0"/>
      <line num="35" type="stmt" count="0"/>
      <line num="36" type="stmt" count="0"/>
      <line num="37" type="stmt" count="0"/>
      <line num="38" type="stmt" count="0"/>
      <line num="39" type="stmt" count="0"/>
      <line num="40" type="stmt" count="0"/>
      <line num="41" type="stmt" count="0"/>
      <line num="42" type="stmt" count="0"/>
      <line num="43" type="stmt" count="0"/>
      <metrics loc="46" ncloc="40" classes="1" methods="2" coveredmethods="0" conditionals="0" coveredconditionals="0" statements="22" coveredstatements="0" elements="24" coveredelements="0"/>
    </file>
    <file name="/Users/neurotools/Developer/voyager/src/Database/Platforms/Platform.php">
      <class name="TCG\Voyager\Database\Platforms\Platform" namespace="global">
        <metrics complexity="4" methods="3" coveredmethods="2" conditionals="0" coveredconditionals="0" statements="8" coveredstatements="7" elements="11" coveredelements="9"/>
      </class>
      <line num="13" type="method" name="getPlatform" visibility="public" complexity="2" crap="2.06" count="4"/>
      <line num="15" type="stmt" count="4"/>
      <line num="17" type="stmt" count="4"/>
      <line num="18" type="stmt" count="0"/>
      <line num="21" type="stmt" count="4"/>
      <line num="24" type="method" name="getPlatformTypes" visibility="public" complexity="1" crap="1" count="1"/>
      <line num="26" type="stmt" count="1"/>
      <line num="28" type="stmt" count="1"/>
      <line num="31" type="method" name="registerPlatformCustomTypeOptions" visibility="public" complexity="1" crap="1" count="3"/>
      <line num="33" type="stmt" count="3"/>
      <line num="35" type="stmt" count="3"/>
      <metrics loc="38" ncloc="36" classes="1" methods="3" coveredmethods="2" conditionals="0" coveredconditionals="0" statements="8" coveredstatements="7" elements="11" coveredelements="9"/>
    </file>
    <file name="/Users/neurotools/Developer/voyager/src/Database/Platforms/Postgresql.php">
      <class name="TCG\Voyager\Database\Platforms\Postgresql" namespace="global">
        <metrics complexity="2" methods="2" coveredmethods="0" conditionals="0" coveredconditionals="0" statements="22" coveredstatements="0" elements="24" coveredelements="0"/>
      </class>
      <line num="9" type="method" name="getTypes" visibility="public" complexity="1" crap="2" count="0"/>
      <line num="14" type="stmt" count="0"/>
      <line num="15" type="stmt" count="0"/>
      <line num="16" type="stmt" count="0"/>
      <line num="17" type="stmt" count="0"/>
      <line num="18" type="stmt" count="0"/>
      <line num="19" type="stmt" count="0"/>
      <line num="20" type="stmt" count="0"/>
      <line num="21" type="stmt" count="0"/>
      <line num="22" type="stmt" count="0"/>
      <line num="23" type="stmt" count="0"/>
      <line num="24" type="stmt" count="0"/>
      <line num="25" type="stmt" count="0"/>
      <line num="26" type="stmt" count="0"/>
      <line num="27" type="stmt" count="0"/>
      <line num="28" type="stmt" count="0"/>
      <line num="29" type="stmt" count="0"/>
      <line num="30" type="stmt" count="0"/>
      <line num="31" type="stmt" count="0"/>
      <line num="32" type="stmt" count="0"/>
      <line num="33" type="stmt" count="0"/>
      <line num="35" type="stmt" count="0"/>
      <line num="38" type="method" name="registerCustomTypeOptions" visibility="public" complexity="1" crap="2" count="0"/>
      <line num="40" type="stmt" count="0"/>
      <metrics loc="42" ncloc="40" classes="1" methods="2" coveredmethods="0" conditionals="0" coveredconditionals="0" statements="22" coveredstatements="0" elements="24" coveredelements="0"/>
    </file>
    <file name="/Users/neurotools/Developer/voyager/src/Database/Platforms/Sqlite.php">
      <class name="TCG\Voyager\Database\Platforms\Sqlite" namespace="global">
        <metrics complexity="2" methods="2" coveredmethods="2" conditionals="0" coveredconditionals="0" statements="6" coveredstatements="6" elements="8" coveredelements="8"/>
      </class>
      <line num="9" type="method" name="getTypes" visibility="public" complexity="1" crap="1" count="1"/>
      <line num="11" type="stmt" count="1"/>
      <line num="12" type="stmt" count="1"/>
      <line num="13" type="stmt" count="1"/>
      <line num="14" type="stmt" count="1"/>
      <line num="16" type="stmt" count="1"/>
      <line num="19" type="method" name="registerCustomTypeOptions" visibility="public" complexity="1" crap="1" count="3"/>
      <line num="21" type="stmt" count="3"/>
      <metrics loc="23" ncloc="23" classes="1" methods="2" coveredmethods="2" conditionals="0" coveredconditionals="0" statements="6" coveredstatements="6" elements="8" coveredelements="8"/>
    </file>
    <file name="/Users/neurotools/Developer/voyager/src/Database/Schema/Column.php">
      <class name="TCG\Voyager\Database\Schema\Column" namespace="global">
        <metrics complexity="6" methods="3" coveredmethods="3" conditionals="0" coveredconditionals="0" statements="16" coveredstatements="16" elements="19" coveredelements="19"/>
      </class>
      <line num="11" type="method" name="make" visibility="public" complexity="2" crap="2" count="6"/>
      <line num="13" type="stmt" count="6"/>
      <line num="14" type="stmt" count="6"/>
      <line num="15" type="stmt" count="6"/>
      <line num="16" type="stmt" count="6"/>
      <line num="18" type="stmt" count="6"/>
      <line num="20" type="stmt" count="6"/>
      <line num="26" type="method" name="toArray" visibility="public" complexity="2" crap="2" count="21"/>
      <line num="28" type="stmt" count="21"/>
      <line num="29" type="stmt" count="21"/>
      <line num="30" type="stmt" count="21"/>
      <line num="31" type="stmt" count="21"/>
      <line num="32" type="stmt" count="21"/>
      <line num="33" type="stmt" count="21"/>
      <line num="35" type="stmt" count="21"/>
      <line num="41" type="method" name="getExtra" visibility="protected" complexity="2" crap="2" count="21"/>
      <line num="43" type="stmt" count="21"/>
      <line num="45" type="stmt" count="21"/>
      <line num="48" type="stmt" count="21"/>
      <metrics loc="51" ncloc="44" classes="1" methods="3" coveredmethods="3" conditionals="0" coveredconditionals="0" statements="16" coveredstatements="16" elements="19" coveredelements="19"/>
    </file>
    <file name="/Users/neurotools/Developer/voyager/src/Database/Schema/ForeignKey.php">
      <class name="TCG\Voyager\Database\Schema\ForeignKey" namespace="global">
        <metrics complexity="7" methods="2" coveredmethods="1" conditionals="0" coveredconditionals="0" statements="30" coveredstatements="8" elements="32" coveredelements="9"/>
      </class>
      <line num="9" type="method" name="make" visibility="public" complexity="6" crap="42" count="0"/>
      <line num="12" type="stmt" count="0"/>
      <line num="13" type="stmt" count="0"/>
      <line num="14" type="stmt" count="0"/>
      <line num="17" type="stmt" count="0"/>
      <line num="18" type="stmt" count="0"/>
      <line num="19" type="stmt" count="0"/>
      <line num="20" type="stmt" count="0"/>
      <line num="23" type="stmt" count="0"/>
      <line num="24" type="stmt" count="0"/>
      <line num="25" type="stmt" count="0"/>
      <line num="26" type="stmt" count="0"/>
      <line num="28" type="stmt" count="0"/>
      <line num="31" type="stmt" count="0"/>
      <line num="32" type="stmt" count="0"/>
      <line num="33" type="stmt" count="0"/>
      <line num="34" type="stmt" count="0"/>
      <line num="35" type="stmt" count="0"/>
      <line num="36" type="stmt" count="0"/>
      <line num="37" type="stmt" count="0"/>
      <line num="39" type="stmt" count="0"/>
      <line num="40" type="stmt" count="0"/>
      <line num="43" type="stmt" count="0"/>
      <line num="49" type="method" name="toArray" visibility="public" complexity="1" crap="1" count="1"/>
      <line num="51" type="stmt" count="1"/>
      <line num="52" type="stmt" count="1"/>
      <line num="53" type="stmt" count="1"/>
      <line num="54" type="stmt" count="1"/>
      <line num="55" type="stmt" count="1"/>
      <line num="56" type="stmt" count="1"/>
      <line num="57" type="stmt" count="1"/>
      <line num="58" type="stmt" count="1"/>
      <metrics loc="61" ncloc="56" classes="1" methods="2" coveredmethods="1" conditionals="0" coveredconditionals="0" statements="30" coveredstatements="8" elements="32" coveredelements="9"/>
    </file>
    <file name="/Users/neurotools/Developer/voyager/src/Database/Schema/Identifier.php">
      <class name="TCG\Voyager\Database\Schema\Identifier" namespace="global">
        <metrics complexity="2" methods="1" coveredmethods="0" conditionals="0" coveredconditionals="0" statements="7" coveredstatements="6" elements="8" coveredelements="6"/>
      </class>
      <line num="12" type="method" name="validate" visibility="public" complexity="2" crap="2.01" count="6"/>
      <line num="14" type="stmt" count="6"/>
      <line num="16" type="stmt" count="6"/>
      <line num="17" type="stmt" count="6"/>
      <line num="18" type="stmt" count="6"/>
      <line num="20" type="stmt" count="6"/>
      <line num="21" type="stmt" count="0"/>
      <line num="24" type="stmt" count="6"/>
      <metrics loc="27" ncloc="26" classes="1" methods="1" coveredmethods="0" conditionals="0" coveredconditionals="0" statements="7" coveredstatements="6" elements="8" coveredelements="6"/>
    </file>
    <file name="/Users/neurotools/Developer/voyager/src/Database/Schema/Index.php">
      <class name="TCG\Voyager\Database\Schema\Index" namespace="global">
        <metrics complexity="14" methods="5" coveredmethods="2" conditionals="0" coveredconditionals="0" statements="49" coveredstatements="30" elements="54" coveredelements="32"/>
      </class>
      <line num="13" type="method" name="make" visibility="public" complexity="7" crap="11.60" count="3"/>
      <line num="15" type="stmt" count="3"/>
      <line num="16" type="stmt" count="3"/>
      <line num="17" type="stmt" count="0"/>
      <line num="20" type="stmt" count="3"/>
      <line num="21" type="stmt" count="3"/>
      <line num="23" type="stmt" count="3"/>
      <line num="24" type="stmt" count="3"/>
      <line num="26" type="stmt" count="0"/>
      <line num="27" type="stmt" count="0"/>
      <line num="30" type="stmt" count="0"/>
      <line num="31" type="stmt" count="0"/>
      <line num="32" type="stmt" count="0"/>
      <line num="33" type="stmt" count="0"/>
      <line num="35" type="stmt" count="0"/>
      <line num="40" type="stmt" count="3"/>
      <line num="41" type="stmt" count="3"/>
      <line num="42" type="stmt" count="0"/>
      <line num="43" type="stmt" count="0"/>
      <line num="45" type="stmt" count="3"/>
      <line num="48" type="stmt" count="3"/>
      <line num="49" type="stmt" count="3"/>
      <line num="51" type="stmt" count="3"/>
      <line num="57" type="method" name="toArray" visibility="public" complexity="1" crap="1" count="21"/>
      <line num="59" type="stmt" count="21"/>
      <line num="60" type="stmt" count="21"/>
      <line num="62" type="stmt" count="21"/>
      <line num="63" type="stmt" count="21"/>
      <line num="64" type="stmt" count="21"/>
      <line num="65" type="stmt" count="21"/>
      <line num="66" type="stmt" count="21"/>
      <line num="67" type="stmt" count="21"/>
      <line num="68" type="stmt" count="21"/>
      <line num="69" type="stmt" count="21"/>
      <line num="70" type="stmt" count="21"/>
      <line num="71" type="stmt" count="21"/>
      <line num="72" type="stmt" count="21"/>
      <line num="75" type="method" name="getType" visibility="public" complexity="3" crap="3" count="21"/>
      <line num="77" type="stmt" count="21"/>
      <line num="78" type="stmt" count="21"/>
      <line num="79" type="stmt" count="2"/>
      <line num="80" type="stmt" count="2"/>
      <line num="82" type="stmt" count="1"/>
      <line num="95" type="method" name="createName" visibility="public" complexity="2" crap="6" count="0"/>
      <line num="97" type="stmt" count="0"/>
      <line num="98" type="stmt" count="0"/>
      <line num="99" type="stmt" count="0"/>
      <line num="101" type="stmt" count="0"/>
      <line num="104" type="method" name="availableTypes" visibility="public" complexity="1" crap="2" count="0"/>
      <line num="106" type="stmt" count="0"/>
      <line num="107" type="stmt" count="0"/>
      <line num="108" type="stmt" count="0"/>
      <line num="109" type="stmt" count="0"/>
      <line num="110" type="stmt" count="0"/>
      <metrics loc="113" ncloc="99" classes="1" methods="5" coveredmethods="2" conditionals="0" coveredconditionals="0" statements="49" coveredstatements="30" elements="54" coveredelements="32"/>
    </file>
    <file name="/Users/neurotools/Developer/voyager/src/Database/Schema/SchemaManager.php">
      <class name="TCG\Voyager\Database\Schema\SchemaManager" namespace="global">
        <metrics complexity="19" methods="11" coveredmethods="7" conditionals="0" coveredconditionals="0" statements="44" coveredstatements="34" elements="55" coveredelements="41"/>
      </class>
      <line num="14" type="method" name="__callStatic" visibility="public" complexity="1" crap="1" count="22"/>
      <line num="16" type="stmt" count="22"/>
      <line num="19" type="method" name="manager" visibility="public" complexity="1" crap="1" count="27"/>
      <line num="21" type="stmt" count="27"/>
      <line num="24" type="method" name="getDatabaseConnection" visibility="public" complexity="1" crap="2" count="0"/>
      <line num="26" type="stmt" count="0"/>
      <line num="29" type="method" name="tableExists" visibility="public" complexity="2" crap="2" count="5"/>
      <line num="31" type="stmt" count="5"/>
      <line num="32" type="stmt" count="5"/>
      <line num="35" type="stmt" count="5"/>
      <line num="38" type="method" name="listTables" visibility="public" complexity="2" crap="6" count="0"/>
      <line num="40" type="stmt" count="0"/>
      <line num="42" type="stmt" count="0"/>
      <line num="43" type="stmt" count="0"/>
      <line num="46" type="stmt" count="0"/>
      <line num="54" type="method" name="listTableDetails" visibility="public" complexity="2" crap="2" count="21"/>
      <line num="56" type="stmt" count="21"/>
      <line num="58" type="stmt" count="21"/>
      <line num="59" type="stmt" count="21"/>
      <line num="60" type="stmt" count="21"/>
      <line num="63" type="stmt" count="21"/>
      <line num="65" type="stmt" count="21"/>
      <line num="75" type="method" name="describeTable" visibility="public" complexity="3" crap="3" count="18"/>
      <line num="77" type="stmt" count="18"/>
      <line num="79" type="stmt" count="18"/>
      <line num="81" type="stmt" count="18"/>
      <line num="82" type="stmt" count="18"/>
      <line num="84" type="stmt" count="18"/>
      <line num="85" type="stmt" count="18"/>
      <line num="88" type="stmt" count="18"/>
      <line num="89" type="stmt" count="18"/>
      <line num="90" type="stmt" count="18"/>
      <line num="92" type="stmt" count="18"/>
      <line num="93" type="stmt" count="18"/>
      <line num="98" type="stmt" count="18"/>
      <line num="99" type="stmt" count="18"/>
      <line num="102" type="stmt" count="18"/>
      <line num="103" type="stmt" count="18"/>
      <line num="106" type="method" name="listTableColumnNames" visibility="public" complexity="2" crap="2" count="20"/>
      <line num="108" type="stmt" count="20"/>
      <line num="110" type="stmt" count="20"/>
      <line num="112" type="stmt" count="20"/>
      <line num="113" type="stmt" count="17"/>
      <line num="116" type="stmt" count="20"/>
      <line num="119" type="method" name="createTable" visibility="public" complexity="2" crap="2" count="6"/>
      <line num="121" type="stmt" count="6"/>
      <line num="122" type="stmt" count="1"/>
      <line num="125" type="stmt" count="6"/>
      <line num="128" type="method" name="getDoctrineTable" visibility="public" complexity="2" crap="6" count="0"/>
      <line num="130" type="stmt" count="0"/>
      <line num="132" type="stmt" count="0"/>
      <line num="133" type="stmt" count="0"/>
      <line num="136" type="stmt" count="0"/>
      <line num="139" type="method" name="getDoctrineColumn" visibility="public" complexity="1" crap="2" count="0"/>
      <line num="141" type="stmt" count="0"/>
      <metrics loc="144" ncloc="127" classes="1" methods="11" coveredmethods="7" conditionals="0" coveredconditionals="0" statements="44" coveredstatements="34" elements="55" coveredelements="41"/>
    </file>
    <file name="/Users/neurotools/Developer/voyager/src/Database/Schema/Table.php">
      <class name="TCG\Voyager\Database\Schema\Table" namespace="global">
        <metrics complexity="27" methods="10" coveredmethods="6" conditionals="0" coveredconditionals="0" statements="68" coveredstatements="50" elements="78" coveredelements="56"/>
      </class>
      <line num="10" type="method" name="make" visibility="public" complexity="5" crap="5.14" count="6"/>
      <line num="12" type="stmt" count="6"/>
      <line num="13" type="stmt" count="0"/>
      <line num="16" type="stmt" count="6"/>
      <line num="18" type="stmt" count="6"/>
      <line num="19" type="stmt" count="6"/>
      <line num="20" type="stmt" count="6"/>
      <line num="21" type="stmt" count="6"/>
      <line num="24" type="stmt" count="6"/>
      <line num="25" type="stmt" count="6"/>
      <line num="26" type="stmt" count="3"/>
      <line num="27" type="stmt" count="3"/>
      <line num="30" type="stmt" count="6"/>
      <line num="31" type="stmt" count="6"/>
      <line num="32" type="stmt" count="0"/>
      <line num="33" type="stmt" count="0"/>
      <line num="36" type="stmt" count="6"/>
      <line num="38" type="stmt" count="6"/>
      <line num="41" type="method" name="getColumnsIndexes" visibility="public" complexity="10" crap="33.72" count="18"/>
      <line num="43" type="stmt" count="18"/>
      <line num="44" type="stmt" count="18"/>
      <line num="47" type="stmt" count="18"/>
      <line num="49" type="stmt" count="18"/>
      <line num="50" type="stmt" count="18"/>
      <line num="51" type="stmt" count="18"/>
      <line num="55" type="stmt" count="18"/>
      <line num="57" type="stmt" count="0"/>
      <line num="58" type="stmt" count="0"/>
      <line num="59" type="stmt" count="0"/>
      <line num="61" type="stmt" count="0"/>
      <line num="62" type="stmt" count="0"/>
      <line num="65" type="stmt" count="0"/>
      <line num="66" type="stmt" count="0"/>
      <line num="69" type="stmt" count="0"/>
      <line num="70" type="stmt" count="0"/>
      <line num="73" type="stmt" count="0"/>
      <line num="74" type="stmt" count="0"/>
      <line num="78" type="stmt" count="0"/>
      <line num="79" type="stmt" count="0"/>
      <line num="82" type="stmt" count="18"/>
      <line num="85" type="method" name="diff" visibility="public" complexity="1" crap="1" count="2"/>
      <line num="87" type="stmt" count="2"/>
      <line num="90" type="method" name="diffOriginal" visibility="public" complexity="1" crap="2" count="0"/>
      <line num="92" type="stmt" count="0"/>
      <line num="98" type="method" name="toArray" visibility="public" complexity="1" crap="1" count="4"/>
      <line num="100" type="stmt" count="4"/>
      <line num="101" type="stmt" count="4"/>
      <line num="102" type="stmt" count="4"/>
      <line num="103" type="stmt" count="4"/>
      <line num="104" type="stmt" count="4"/>
      <line num="105" type="stmt" count="4"/>
      <line num="106" type="stmt" count="4"/>
      <line num="107" type="stmt" count="4"/>
      <line num="108" type="stmt" count="4"/>
      <line num="114" type="method" name="toJson" visibility="public" complexity="1" crap="1" count="1"/>
      <line num="116" type="stmt" count="1"/>
      <line num="122" type="method" name="exportColumnsToArray" visibility="public" complexity="2" crap="2" count="4"/>
      <line num="124" type="stmt" count="4"/>
      <line num="126" type="stmt" count="4"/>
      <line num="127" type="stmt" count="4"/>
      <line num="130" type="stmt" count="4"/>
      <line num="136" type="method" name="exportIndexesToArray" visibility="public" complexity="2" crap="2" count="4"/>
      <line num="138" type="stmt" count="4"/>
      <line num="140" type="stmt" count="4"/>
      <line num="141" type="stmt" count="4"/>
      <line num="142" type="stmt" count="4"/>
      <line num="143" type="stmt" count="4"/>
      <line num="146" type="stmt" count="4"/>
      <line num="152" type="method" name="exportForeignKeysToArray" visibility="public" complexity="2" crap="2" count="4"/>
      <line num="154" type="stmt" count="4"/>
      <line num="156" type="stmt" count="4"/>
      <line num="157" type="stmt" count="1"/>
      <line num="160" type="stmt" count="4"/>
      <line num="163" type="method" name="__get" visibility="public" complexity="2" crap="2.06" count="24"/>
      <line num="165" type="stmt" count="24"/>
      <line num="167" type="stmt" count="24"/>
      <line num="168" type="stmt" count="0"/>
      <line num="171" type="stmt" count="24"/>
      <metrics loc="174" ncloc="157" classes="1" methods="10" coveredmethods="6" conditionals="0" coveredconditionals="0" statements="68" coveredstatements="50" elements="78" coveredelements="56"/>
    </file>
    <file name="/Users/neurotools/Developer/voyager/src/Database/Types/Common/CharType.php">
      <class name="TCG\Voyager\Database\Types\Common\CharType" namespace="global">
        <metrics complexity="2" methods="1" coveredmethods="0" conditionals="0" coveredconditionals="0" statements="2" coveredstatements="0" elements="3" coveredelements="0"/>
      </class>
      <line num="12" type="method" name="getSQLDeclaration" visibility="public" complexity="2" crap="6" count="0"/>
      <line num="14" type="stmt" count="0"/>
      <line num="16" type="stmt" count="0"/>
      <metrics loc="19" ncloc="19" classes="1" methods="1" coveredmethods="0" conditionals="0" coveredconditionals="0" statements="2" coveredstatements="0" elements="3" coveredelements="0"/>
    </file>
    <file name="/Users/neurotools/Developer/voyager/src/Database/Types/Common/DoubleType.php">
      <class name="TCG\Voyager\Database\Types\Common\DoubleType" namespace="global">
        <metrics complexity="1" methods="1" coveredmethods="0" conditionals="0" coveredconditionals="0" statements="1" coveredstatements="0" elements="2" coveredelements="0"/>
      </class>
      <line num="11" type="method" name="getName" visibility="public" complexity="1" crap="2" count="0"/>
      <line num="13" type="stmt" count="0"/>
      <metrics loc="16" ncloc="16" classes="1" methods="1" coveredmethods="0" conditionals="0" coveredconditionals="0" statements="1" coveredstatements="0" elements="2" coveredelements="0"/>
    </file>
    <file name="/Users/neurotools/Developer/voyager/src/Database/Types/Common/JsonType.php">
      <class name="TCG\Voyager\Database\Types\Common\JsonType" namespace="global">
        <metrics complexity="1" methods="1" coveredmethods="1" conditionals="0" coveredconditionals="0" statements="1" coveredstatements="1" elements="2" coveredelements="2"/>
      </class>
      <line num="12" type="method" name="getSQLDeclaration" visibility="public" complexity="1" crap="1" count="3"/>
      <line num="14" type="stmt" count="3"/>
      <metrics loc="17" ncloc="17" classes="1" methods="1" coveredmethods="1" conditionals="0" coveredconditionals="0" statements="1" coveredstatements="1" elements="2" coveredelements="2"/>
    </file>
    <file name="/Users/neurotools/Developer/voyager/src/Database/Types/Common/NumericType.php">
      <class name="TCG\Voyager\Database\Types\Common\NumericType" namespace="global">
        <metrics complexity="1" methods="1" coveredmethods="0" conditionals="0" coveredconditionals="0" statements="1" coveredstatements="0" elements="2" coveredelements="0"/>
      </class>
      <line num="11" type="method" name="getName" visibility="public" complexity="1" crap="2" count="0"/>
      <line num="13" type="stmt" count="0"/>
      <metrics loc="16" ncloc="16" classes="1" methods="1" coveredmethods="0" conditionals="0" coveredconditionals="0" statements="1" coveredstatements="0" elements="2" coveredelements="0"/>
    </file>
    <file name="/Users/neurotools/Developer/voyager/src/Database/Types/Common/TextType.php">
      <class name="TCG\Voyager\Database\Types\Common\TextType" namespace="global">
        <metrics complexity="1" methods="1" coveredmethods="1" conditionals="0" coveredconditionals="0" statements="1" coveredstatements="1" elements="2" coveredelements="2"/>
      </class>
      <line num="12" type="method" name="getSQLDeclaration" visibility="public" complexity="1" crap="1" count="98"/>
      <line num="14" type="stmt" count="98"/>
      <metrics loc="17" ncloc="17" classes="1" methods="1" coveredmethods="1" conditionals="0" coveredconditionals="0" statements="1" coveredstatements="1" elements="2" coveredelements="2"/>
    </file>
    <file name="/Users/neurotools/Developer/voyager/src/Database/Types/Common/VarCharType.php">
      <class name="TCG\Voyager\Database\Types\Common\VarCharType" namespace="global">
        <metrics complexity="1" methods="1" coveredmethods="0" conditionals="0" coveredconditionals="0" statements="1" coveredstatements="0" elements="2" coveredelements="0"/>
      </class>
      <line num="11" type="method" name="getName" visibility="public" complexity="1" crap="2" count="0"/>
      <line num="13" type="stmt" count="0"/>
      <metrics loc="16" ncloc="16" classes="1" methods="1" coveredmethods="0" conditionals="0" coveredconditionals="0" statements="1" coveredstatements="0" elements="2" coveredelements="0"/>
    </file>
    <file name="/Users/neurotools/Developer/voyager/src/Database/Types/Mysql/BinaryType.php">
      <class name="TCG\Voyager\Database\Types\Mysql\BinaryType" namespace="global">
        <metrics complexity="2" methods="1" coveredmethods="0" conditionals="0" coveredconditionals="0" statements="2" coveredstatements="0" elements="3" coveredelements="0"/>
      </class>
      <line num="12" type="method" name="getSQLDeclaration" visibility="public" complexity="2" crap="6" count="0"/>
      <line num="14" type="stmt" count="0"/>
      <line num="16" type="stmt" count="0"/>
      <metrics loc="19" ncloc="19" classes="1" methods="1" coveredmethods="0" conditionals="0" coveredconditionals="0" statements="2" coveredstatements="0" elements="3" coveredelements="0"/>
    </file>
    <file name="/Users/neurotools/Developer/voyager/src/Database/Types/Mysql/BitType.php">
      <class name="TCG\Voyager\Database\Types\Mysql\BitType" namespace="global">
        <metrics complexity="3" methods="1" coveredmethods="0" conditionals="0" coveredconditionals="0" statements="3" coveredstatements="0" elements="4" coveredelements="0"/>
      </class>
      <line num="12" type="method" name="getSQLDeclaration" visibility="public" complexity="3" crap="12" count="0"/>
      <line num="14" type="stmt" count="0"/>
      <line num="15" type="stmt" count="0"/>
      <line num="17" type="stmt" count="0"/>
      <metrics loc="20" ncloc="20" classes="1" methods="1" coveredmethods="0" conditionals="0" coveredconditionals="0" statements="3" coveredstatements="0" elements="4" coveredelements="0"/>
    </file>
    <file name="/Users/neurotools/Developer/voyager/src/Database/Types/Mysql/BlobType.php">
      <class name="TCG\Voyager\Database\Types\Mysql\BlobType" namespace="global">
        <metrics complexity="1" methods="1" coveredmethods="0" conditionals="0" coveredconditionals="0" statements="1" coveredstatements="0" elements="2" coveredelements="0"/>
      </class>
      <line num="12" type="method" name="getSQLDeclaration" visibility="public" complexity="1" crap="2" count="0"/>
      <line num="14" type="stmt" count="0"/>
      <metrics loc="17" ncloc="17" classes="1" methods="1" coveredmethods="0" conditionals="0" coveredconditionals="0" statements="1" coveredstatements="0" elements="2" coveredelements="0"/>
    </file>
    <file name="/Users/neurotools/Developer/voyager/src/Database/Types/Mysql/EnumType.php">
      <class name="TCG\Voyager\Database\Types\Mysql\EnumType" namespace="global">
        <metrics complexity="2" methods="1" coveredmethods="0" conditionals="0" coveredconditionals="0" statements="9" coveredstatements="0" elements="10" coveredelements="0"/>
      </class>
      <line num="13" type="method" name="getSQLDeclaration" visibility="public" complexity="2" crap="6" count="0"/>
      <line num="15" type="stmt" count="0"/>
      <line num="17" type="stmt" count="0"/>
      <line num="18" type="stmt" count="0"/>
      <line num="20" type="stmt" count="0"/>
      <line num="25" type="stmt" count="0"/>
      <line num="28" type="stmt" count="0"/>
      <line num="29" type="stmt" count="0"/>
      <line num="30" type="stmt" count="0"/>
      <line num="32" type="stmt" count="0"/>
      <metrics loc="36" ncloc="32" classes="1" methods="1" coveredmethods="0" conditionals="0" coveredconditionals="0" statements="9" coveredstatements="0" elements="10" coveredelements="0"/>
    </file>
    <file name="/Users/neurotools/Developer/voyager/src/Database/Types/Mysql/FloatType.php">
      <class name="TCG\Voyager\Database\Types\Mysql\FloatType" namespace="global">
        <metrics complexity="1" methods="1" coveredmethods="0" conditionals="0" coveredconditionals="0" statements="1" coveredstatements="0" elements="2" coveredelements="0"/>
      </class>
      <line num="12" type="method" name="getSQLDeclaration" visibility="public" complexity="1" crap="2" count="0"/>
      <line num="14" type="stmt" count="0"/>
      <metrics loc="17" ncloc="17" classes="1" methods="1" coveredmethods="0" conditionals="0" coveredconditionals="0" statements="1" coveredstatements="0" elements="2" coveredelements="0"/>
    </file>
    <file name="/Users/neurotools/Developer/voyager/src/Database/Types/Mysql/GeometryCollectionType.php">
      <class name="TCG\Voyager\Database\Types\Mysql\GeometryCollectionType" namespace="global">
        <metrics complexity="1" methods="1" coveredmethods="0" conditionals="0" coveredconditionals="0" statements="1" coveredstatements="0" elements="2" coveredelements="0"/>
      </class>
      <line num="12" type="method" name="getSQLDeclaration" visibility="public" complexity="1" crap="2" count="0"/>
      <line num="14" type="stmt" count="0"/>
      <metrics loc="17" ncloc="17" classes="1" methods="1" coveredmethods="0" conditionals="0" coveredconditionals="0" statements="1" coveredstatements="0" elements="2" coveredelements="0"/>
    </file>
    <file name="/Users/neurotools/Developer/voyager/src/Database/Types/Mysql/GeometryType.php">
      <class name="TCG\Voyager\Database\Types\Mysql\GeometryType" namespace="global">
        <metrics complexity="1" methods="1" coveredmethods="0" conditionals="0" coveredconditionals="0" statements="1" coveredstatements="0" elements="2" coveredelements="0"/>
      </class>
      <line num="12" type="method" name="getSQLDeclaration" visibility="public" complexity="1" crap="2" count="0"/>
      <line num="14" type="stmt" count="0"/>
      <metrics loc="17" ncloc="17" classes="1" methods="1" coveredmethods="0" conditionals="0" coveredconditionals="0" statements="1" coveredstatements="0" elements="2" coveredelements="0"/>
    </file>
    <file name="/Users/neurotools/Developer/voyager/src/Database/Types/Mysql/LineStringType.php">
      <class name="TCG\Voyager\Database\Types\Mysql\LineStringType" namespace="global">
        <metrics complexity="1" methods="1" coveredmethods="0" conditionals="0" coveredconditionals="0" statements="1" coveredstatements="0" elements="2" coveredelements="0"/>
      </class>
      <line num="12" type="method" name="getSQLDeclaration" visibility="public" complexity="1" crap="2" count="0"/>
      <line num="14" type="stmt" count="0"/>
      <metrics loc="17" ncloc="17" classes="1" methods="1" coveredmethods="0" conditionals="0" coveredconditionals="0" statements="1" coveredstatements="0" elements="2" coveredelements="0"/>
    </file>
    <file name="/Users/neurotools/Developer/voyager/src/Database/Types/Mysql/LongBlobType.php">
      <class name="TCG\Voyager\Database\Types\Mysql\LongBlobType" namespace="global">
        <metrics complexity="1" methods="1" coveredmethods="0" conditionals="0" coveredconditionals="0" statements="1" coveredstatements="0" elements="2" coveredelements="0"/>
      </class>
      <line num="12" type="method" name="getSQLDeclaration" visibility="public" complexity="1" crap="2" count="0"/>
      <line num="14" type="stmt" count="0"/>
      <metrics loc="17" ncloc="17" classes="1" methods="1" coveredmethods="0" conditionals="0" coveredconditionals="0" statements="1" coveredstatements="0" elements="2" coveredelements="0"/>
    </file>
    <file name="/Users/neurotools/Developer/voyager/src/Database/Types/Mysql/LongTextType.php">
      <class name="TCG\Voyager\Database\Types\Mysql\LongTextType" namespace="global">
        <metrics complexity="1" methods="1" coveredmethods="0" conditionals="0" coveredconditionals="0" statements="1" coveredstatements="0" elements="2" coveredelements="0"/>
      </class>
      <line num="12" type="method" name="getSQLDeclaration" visibility="public" complexity="1" crap="2" count="0"/>
      <line num="14" type="stmt" count="0"/>
      <metrics loc="17" ncloc="17" classes="1" methods="1" coveredmethods="0" conditionals="0" coveredconditionals="0" statements="1" coveredstatements="0" elements="2" coveredelements="0"/>
    </file>
    <file name="/Users/neurotools/Developer/voyager/src/Database/Types/Mysql/MediumBlobType.php">
      <class name="TCG\Voyager\Database\Types\Mysql\MediumBlobType" namespace="global">
        <metrics complexity="1" methods="1" coveredmethods="0" conditionals="0" coveredconditionals="0" statements="1" coveredstatements="0" elements="2" coveredelements="0"/>
      </class>
      <line num="12" type="method" name="getSQLDeclaration" visibility="public" complexity="1" crap="2" count="0"/>
      <line num="14" type="stmt" count="0"/>
      <metrics loc="17" ncloc="17" classes="1" methods="1" coveredmethods="0" conditionals="0" coveredconditionals="0" statements="1" coveredstatements="0" elements="2" coveredelements="0"/>
    </file>
    <file name="/Users/neurotools/Developer/voyager/src/Database/Types/Mysql/MediumIntType.php">
      <class name="TCG\Voyager\Database\Types\Mysql\MediumIntType" namespace="global">
        <metrics complexity="1" methods="1" coveredmethods="0" conditionals="0" coveredconditionals="0" statements="2" coveredstatements="0" elements="3" coveredelements="0"/>
      </class>
      <line num="12" type="method" name="getSQLDeclaration" visibility="public" complexity="1" crap="2" count="0"/>
      <line num="14" type="stmt" count="0"/>
      <line num="16" type="stmt" count="0"/>
      <metrics loc="19" ncloc="19" classes="1" methods="1" coveredmethods="0" conditionals="0" coveredconditionals="0" statements="2" coveredstatements="0" elements="3" coveredelements="0"/>
    </file>
    <file name="/Users/neurotools/Developer/voyager/src/Database/Types/Mysql/MediumTextType.php">
      <class name="TCG\Voyager\Database\Types\Mysql\MediumTextType" namespace="global">
        <metrics complexity="1" methods="1" coveredmethods="0" conditionals="0" coveredconditionals="0" statements="1" coveredstatements="0" elements="2" coveredelements="0"/>
      </class>
      <line num="12" type="method" name="getSQLDeclaration" visibility="public" complexity="1" crap="2" count="0"/>
      <line num="14" type="stmt" count="0"/>
      <metrics loc="17" ncloc="17" classes="1" methods="1" coveredmethods="0" conditionals="0" coveredconditionals="0" statements="1" coveredstatements="0" elements="2" coveredelements="0"/>
    </file>
    <file name="/Users/neurotools/Developer/voyager/src/Database/Types/Mysql/MultiLineStringType.php">
      <class name="TCG\Voyager\Database\Types\Mysql\MultiLineStringType" namespace="global">
        <metrics complexity="1" methods="1" coveredmethods="0" conditionals="0" coveredconditionals="0" statements="1" coveredstatements="0" elements="2" coveredelements="0"/>
      </class>
      <line num="12" type="method" name="getSQLDeclaration" visibility="public" complexity="1" crap="2" count="0"/>
      <line num="14" type="stmt" count="0"/>
      <metrics loc="17" ncloc="17" classes="1" methods="1" coveredmethods="0" conditionals="0" coveredconditionals="0" statements="1" coveredstatements="0" elements="2" coveredelements="0"/>
    </file>
    <file name="/Users/neurotools/Developer/voyager/src/Database/Types/Mysql/MultiPointType.php">
      <class name="TCG\Voyager\Database\Types\Mysql\MultiPointType" namespace="global">
        <metrics complexity="1" methods="1" coveredmethods="0" conditionals="0" coveredconditionals="0" statements="1" coveredstatements="0" elements="2" coveredelements="0"/>
      </class>
      <line num="12" type="method" name="getSQLDeclaration" visibility="public" complexity="1" crap="2" count="0"/>
      <line num="14" type="stmt" count="0"/>
      <metrics loc="17" ncloc="17" classes="1" methods="1" coveredmethods="0" conditionals="0" coveredconditionals="0" statements="1" coveredstatements="0" elements="2" coveredelements="0"/>
    </file>
    <file name="/Users/neurotools/Developer/voyager/src/Database/Types/Mysql/MultiPolygonType.php">
      <class name="TCG\Voyager\Database\Types\Mysql\MultiPolygonType" namespace="global">
        <metrics complexity="1" methods="1" coveredmethods="0" conditionals="0" coveredconditionals="0" statements="1" coveredstatements="0" elements="2" coveredelements="0"/>
      </class>
      <line num="12" type="method" name="getSQLDeclaration" visibility="public" complexity="1" crap="2" count="0"/>
      <line num="14" type="stmt" count="0"/>
      <metrics loc="17" ncloc="17" classes="1" methods="1" coveredmethods="0" conditionals="0" coveredconditionals="0" statements="1" coveredstatements="0" elements="2" coveredelements="0"/>
    </file>
    <file name="/Users/neurotools/Developer/voyager/src/Database/Types/Mysql/PointType.php">
      <class name="TCG\Voyager\Database\Types\Mysql\PointType" namespace="global">
        <metrics complexity="1" methods="1" coveredmethods="0" conditionals="0" coveredconditionals="0" statements="1" coveredstatements="0" elements="2" coveredelements="0"/>
      </class>
      <line num="12" type="method" name="getSQLDeclaration" visibility="public" complexity="1" crap="2" count="0"/>
      <line num="14" type="stmt" count="0"/>
      <metrics loc="17" ncloc="17" classes="1" methods="1" coveredmethods="0" conditionals="0" coveredconditionals="0" statements="1" coveredstatements="0" elements="2" coveredelements="0"/>
    </file>
    <file name="/Users/neurotools/Developer/voyager/src/Database/Types/Mysql/PolygonType.php">
      <class name="TCG\Voyager\Database\Types\Mysql\PolygonType" namespace="global">
        <metrics complexity="1" methods="1" coveredmethods="0" conditionals="0" coveredconditionals="0" statements="1" coveredstatements="0" elements="2" coveredelements="0"/>
      </class>
      <line num="12" type="method" name="getSQLDeclaration" visibility="public" complexity="1" crap="2" count="0"/>
      <line num="14" type="stmt" count="0"/>
      <metrics loc="17" ncloc="17" classes="1" methods="1" coveredmethods="0" conditionals="0" coveredconditionals="0" statements="1" coveredstatements="0" elements="2" coveredelements="0"/>
    </file>
    <file name="/Users/neurotools/Developer/voyager/src/Database/Types/Mysql/SetType.php">
      <class name="TCG\Voyager\Database\Types\Mysql\SetType" namespace="global">
        <metrics complexity="1" methods="1" coveredmethods="0" conditionals="0" coveredconditionals="0" statements="7" coveredstatements="0" elements="8" coveredelements="0"/>
      </class>
      <line num="13" type="method" name="getSQLDeclaration" visibility="public" complexity="1" crap="2" count="0"/>
      <line num="15" type="stmt" count="0"/>
      <line num="17" type="stmt" count="0"/>
      <line num="19" type="stmt" count="0"/>
      <line num="22" type="stmt" count="0"/>
      <line num="23" type="stmt" count="0"/>
      <line num="24" type="stmt" count="0"/>
      <line num="26" type="stmt" count="0"/>
      <metrics loc="29" ncloc="27" classes="1" methods="1" coveredmethods="0" conditionals="0" coveredconditionals="0" statements="7" coveredstatements="0" elements="8" coveredelements="0"/>
    </file>
    <file name="/Users/neurotools/Developer/voyager/src/Database/Types/Mysql/TimeStampType.php">
      <class name="TCG\Voyager\Database\Types\Mysql\TimeStampType" namespace="global">
        <metrics complexity="2" methods="1" coveredmethods="0" conditionals="0" coveredconditionals="0" statements="3" coveredstatements="0" elements="4" coveredelements="0"/>
      </class>
      <line num="12" type="method" name="getSQLDeclaration" visibility="public" complexity="2" crap="6" count="0"/>
      <line num="14" type="stmt" count="0"/>
      <line num="15" type="stmt" count="0"/>
      <line num="18" type="stmt" count="0"/>
      <metrics loc="21" ncloc="21" classes="1" methods="1" coveredmethods="0" conditionals="0" coveredconditionals="0" statements="3" coveredstatements="0" elements="4" coveredelements="0"/>
    </file>
    <file name="/Users/neurotools/Developer/voyager/src/Database/Types/Mysql/TinyBlobType.php">
      <class name="TCG\Voyager\Database\Types\Mysql\TinyBlobType" namespace="global">
        <metrics complexity="1" methods="1" coveredmethods="0" conditionals="0" coveredconditionals="0" statements="1" coveredstatements="0" elements="2" coveredelements="0"/>
      </class>
      <line num="12" type="method" name="getSQLDeclaration" visibility="public" complexity="1" crap="2" count="0"/>
      <line num="14" type="stmt" count="0"/>
      <metrics loc="17" ncloc="17" classes="1" methods="1" coveredmethods="0" conditionals="0" coveredconditionals="0" statements="1" coveredstatements="0" elements="2" coveredelements="0"/>
    </file>
    <file name="/Users/neurotools/Developer/voyager/src/Database/Types/Mysql/TinyIntType.php">
      <class name="TCG\Voyager\Database\Types\Mysql\TinyIntType" namespace="global">
        <metrics complexity="1" methods="1" coveredmethods="0" conditionals="0" coveredconditionals="0" statements="2" coveredstatements="0" elements="3" coveredelements="0"/>
      </class>
      <line num="12" type="method" name="getSQLDeclaration" visibility="public" complexity="1" crap="2" count="0"/>
      <line num="14" type="stmt" count="0"/>
      <line num="16" type="stmt" count="0"/>
      <metrics loc="19" ncloc="19" classes="1" methods="1" coveredmethods="0" conditionals="0" coveredconditionals="0" statements="2" coveredstatements="0" elements="3" coveredelements="0"/>
    </file>
    <file name="/Users/neurotools/Developer/voyager/src/Database/Types/Mysql/TinyTextType.php">
      <class name="TCG\Voyager\Database\Types\Mysql\TinyTextType" namespace="global">
        <metrics complexity="1" methods="1" coveredmethods="0" conditionals="0" coveredconditionals="0" statements="1" coveredstatements="0" elements="2" coveredelements="0"/>
      </class>
      <line num="12" type="method" name="getSQLDeclaration" visibility="public" complexity="1" crap="2" count="0"/>
      <line num="14" type="stmt" count="0"/>
      <metrics loc="17" ncloc="17" classes="1" methods="1" coveredmethods="0" conditionals="0" coveredconditionals="0" statements="1" coveredstatements="0" elements="2" coveredelements="0"/>
    </file>
    <file name="/Users/neurotools/Developer/voyager/src/Database/Types/Mysql/VarBinaryType.php">
      <class name="TCG\Voyager\Database\Types\Mysql\VarBinaryType" namespace="global">
        <metrics complexity="2" methods="1" coveredmethods="0" conditionals="0" coveredconditionals="0" statements="2" coveredstatements="0" elements="3" coveredelements="0"/>
      </class>
      <line num="12" type="method" name="getSQLDeclaration" visibility="public" complexity="2" crap="6" count="0"/>
      <line num="14" type="stmt" count="0"/>
      <line num="16" type="stmt" count="0"/>
      <metrics loc="19" ncloc="19" classes="1" methods="1" coveredmethods="0" conditionals="0" coveredconditionals="0" statements="2" coveredstatements="0" elements="3" coveredelements="0"/>
    </file>
    <file name="/Users/neurotools/Developer/voyager/src/Database/Types/Mysql/YearType.php">
      <class name="TCG\Voyager\Database\Types\Mysql\YearType" namespace="global">
        <metrics complexity="1" methods="1" coveredmethods="0" conditionals="0" coveredconditionals="0" statements="1" coveredstatements="0" elements="2" coveredelements="0"/>
      </class>
      <line num="12" type="method" name="getSQLDeclaration" visibility="public" complexity="1" crap="2" count="0"/>
      <line num="14" type="stmt" count="0"/>
      <metrics loc="17" ncloc="17" classes="1" methods="1" coveredmethods="0" conditionals="0" coveredconditionals="0" statements="1" coveredstatements="0" elements="2" coveredelements="0"/>
    </file>
    <file name="/Users/neurotools/Developer/voyager/src/Database/Types/Postgresql/BitType.php">
      <class name="TCG\Voyager\Database\Types\Postgresql\BitType" namespace="global">
        <metrics complexity="2" methods="1" coveredmethods="0" conditionals="0" coveredconditionals="0" statements="2" coveredstatements="0" elements="3" coveredelements="0"/>
      </class>
      <line num="12" type="method" name="getSQLDeclaration" visibility="public" complexity="2" crap="6" count="0"/>
      <line num="14" type="stmt" count="0"/>
      <line num="16" type="stmt" count="0"/>
      <metrics loc="19" ncloc="19" classes="1" methods="1" coveredmethods="0" conditionals="0" coveredconditionals="0" statements="2" coveredstatements="0" elements="3" coveredelements="0"/>
    </file>
    <file name="/Users/neurotools/Developer/voyager/src/Database/Types/Postgresql/BitVaryingType.php">
      <class name="TCG\Voyager\Database\Types\Postgresql\BitVaryingType" namespace="global">
        <metrics complexity="2" methods="1" coveredmethods="0" conditionals="0" coveredconditionals="0" statements="2" coveredstatements="0" elements="3" coveredelements="0"/>
      </class>
      <line num="13" type="method" name="getSQLDeclaration" visibility="public" complexity="2" crap="6" count="0"/>
      <line num="15" type="stmt" count="0"/>
      <line num="17" type="stmt" count="0"/>
      <metrics loc="20" ncloc="20" classes="1" methods="1" coveredmethods="0" conditionals="0" coveredconditionals="0" statements="2" coveredstatements="0" elements="3" coveredelements="0"/>
    </file>
    <file name="/Users/neurotools/Developer/voyager/src/Database/Types/Postgresql/ByteaType.php">
      <class name="TCG\Voyager\Database\Types\Postgresql\ByteaType" namespace="global">
        <metrics complexity="1" methods="1" coveredmethods="0" conditionals="0" coveredconditionals="0" statements="1" coveredstatements="0" elements="2" coveredelements="0"/>
      </class>
      <line num="12" type="method" name="getSQLDeclaration" visibility="public" complexity="1" crap="2" count="0"/>
      <line num="14" type="stmt" count="0"/>
      <metrics loc="17" ncloc="17" classes="1" methods="1" coveredmethods="0" conditionals="0" coveredconditionals="0" statements="1" coveredstatements="0" elements="2" coveredelements="0"/>
    </file>
    <file name="/Users/neurotools/Developer/voyager/src/Database/Types/Postgresql/CharacterType.php">
      <class name="TCG\Voyager\Database\Types\Postgresql\CharacterType" namespace="global">
        <metrics complexity="0" methods="0" coveredmethods="0" conditionals="0" coveredconditionals="0" statements="0" coveredstatements="0" elements="0" coveredelements="0"/>
      </class>
      <metrics loc="12" ncloc="12" classes="0" methods="0" coveredmethods="0" conditionals="0" coveredconditionals="0" statements="0" coveredstatements="0" elements="0" coveredelements="0"/>
    </file>
    <file name="/Users/neurotools/Developer/voyager/src/Database/Types/Postgresql/CharacterVaryingType.php">
      <class name="TCG\Voyager\Database\Types\Postgresql\CharacterVaryingType" namespace="global">
        <metrics complexity="0" methods="0" coveredmethods="0" conditionals="0" coveredconditionals="0" statements="0" coveredstatements="0" elements="0" coveredelements="0"/>
      </class>
[...]
      <line num="160" type="stmt" count="127"/>
      <line num="163" type="method" name="formFields" visibility="public" complexity="1" crap="1" count="18"/>
      <line num="165" type="stmt" count="18"/>
      <line num="166" type="stmt" count="18"/>
      <line num="168" type="stmt" count="18"/>
      <line num="169" type="stmt" count="18"/>
      <line num="170" type="stmt" count="18"/>
      <line num="173" type="method" name="addAction" visibility="public" complexity="1" crap="2" count="0"/>
      <line num="175" type="stmt" count="0"/>
      <line num="178" type="method" name="replaceAction" visibility="public" complexity="1" crap="2" count="0"/>
      <line num="180" type="stmt" count="0"/>
      <line num="181" type="stmt" count="0"/>
      <line num="184" type="method" name="actions" visibility="public" complexity="1" crap="1" count="29"/>
      <line num="186" type="stmt" count="29"/>
      <line num="196" type="method" name="dimmers" visibility="public" complexity="5" crap="5" count="12"/>
      <line num="198" type="stmt" count="12"/>
      <line num="199" type="stmt" count="12"/>
      <line num="200" type="stmt" count="12"/>
      <line num="201" type="stmt" count="12"/>
      <line num="203" type="stmt" count="12"/>
      <line num="204" type="stmt" count="12"/>
      <line num="206" type="stmt" count="12"/>
      <line num="210" type="stmt" count="12"/>
      <line num="211" type="stmt" count="1"/>
      <line num="212" type="stmt" count="1"/>
      <line num="213" type="stmt" count="1"/>
      <line num="216" type="stmt" count="12"/>
      <line num="217" type="stmt" count="12"/>
      <line num="221" type="stmt" count="12"/>
      <line num="223" type="stmt" count="12"/>
      <line num="226" type="method" name="setting" visibility="public" complexity="10" crap="11.90" count="47"/>
      <line num="228" type="stmt" count="47"/>
      <line num="230" type="stmt" count="47"/>
      <line num="231" type="stmt" count="0"/>
      <line num="234" type="stmt" count="47"/>
      <line num="235" type="stmt" count="47"/>
      <line num="239" type="stmt" count="0"/>
      <line num="242" type="stmt" count="47"/>
      <line num="243" type="stmt" count="47"/>
      <line num="244" type="stmt" count="47"/>
      <line num="246" type="stmt" count="47"/>
      <line num="247" type="stmt" count="0"/>
      <line num="252" type="stmt" count="47"/>
      <line num="254" type="stmt" count="47"/>
      <line num="255" type="stmt" count="47"/>
      <line num="257" type="stmt" count="0"/>
      <line num="261" type="method" name="image" visibility="public" complexity="2" crap="2" count="47"/>
      <line num="263" type="stmt" count="47"/>
      <line num="264" type="stmt" count="44"/>
      <line num="267" type="stmt" count="47"/>
      <line num="270" type="method" name="routes" visibility="public" complexity="1" crap="1" count="127"/>
      <line num="272" type="stmt" count="127"/>
      <line num="275" type="method" name="getVersion" visibility="public" complexity="1" crap="1" count="44"/>
      <line num="277" type="stmt" count="44"/>
      <line num="280" type="method" name="addAlert" visibility="public" complexity="1" crap="1" count="3"/>
      <line num="282" type="stmt" count="3"/>
      <line num="285" type="method" name="alerts" visibility="public" complexity="2" crap="2" count="50"/>
      <line num="287" type="stmt" count="50"/>
      <line num="288" type="stmt" count="50"/>
      <line num="290" type="stmt" count="50"/>
      <line num="293" type="stmt" count="50"/>
      <line num="296" type="method" name="findVersion" visibility="protected" complexity="5" crap="17.80" count="127"/>
      <line num="298" type="stmt" count="127"/>
      <line num="299" type="stmt" count="0"/>
      <line num="302" type="stmt" count="127"/>
      <line num="304" type="stmt" count="0"/>
      <line num="305" type="stmt" count="0"/>
      <line num="306" type="stmt" count="0"/>
      <line num="309" type="stmt" count="0"/>
      <line num="310" type="stmt" count="0"/>
      <line num="311" type="stmt" count="0"/>
      <line num="312" type="stmt" count="0"/>
      <line num="323" type="method" name="translatable" visibility="public" complexity="5" crap="5.68" count="2"/>
      <line num="325" type="stmt" count="2"/>
      <line num="326" type="stmt" count="0"/>
      <line num="329" type="stmt" count="2"/>
      <line num="330" type="stmt" count="2"/>
      <line num="333" type="stmt" count="2"/>
      <line num="334" type="stmt" count="0"/>
      <line num="337" type="stmt" count="2"/>
      <line num="338" type="stmt" count="0"/>
      <line num="341" type="stmt" count="2"/>
      <line num="343" type="stmt" count="2"/>
      <line num="346" type="method" name="getLocales" visibility="public" complexity="2" crap="2.01" count="8"/>
      <line num="348" type="stmt" count="8"/>
      <line num="349" type="stmt" count="8"/>
      <line num="350" type="stmt" count="0"/>
      <line num="353" type="stmt" count="8"/>
      <line num="354" type="stmt" count="8"/>
      <line num="356" type="stmt" count="8"/>
      <line num="358" type="stmt" count="8"/>
      <metrics loc="361" ncloc="342" classes="1" methods="24" coveredmethods="16" conditionals="0" coveredconditionals="0" statements="108" coveredstatements="81" elements="132" coveredelements="97"/>
    </file>
    <file name="/Users/neurotools/Developer/voyager/src/VoyagerServiceProvider.php">
      <class name="TCG\Voyager\VoyagerServiceProvider" namespace="global">
        <metrics complexity="46" methods="14" coveredmethods="10" conditionals="0" coveredconditionals="0" statements="154" coveredstatements="132" elements="168" coveredelements="142"/>
      </class>
      <line num="56" type="method" name="register" visibility="public" complexity="4" crap="4" count="127"/>
      <line num="58" type="stmt" count="127"/>
      <line num="59" type="stmt" count="127"/>
      <line num="60" type="stmt" count="127"/>
      <line num="62" type="stmt" count="127"/>
      <line num="63" type="stmt" count="127"/>
      <line num="65" type="stmt" count="127"/>
      <line num="66" type="stmt" count="127"/>
      <line num="67" type="stmt" count="127"/>
      <line num="69" type="stmt" count="127"/>
      <line num="70" type="stmt" count="127"/>
      <line num="71" type="stmt" count="127"/>
      <line num="73" type="stmt" count="127"/>
      <line num="75" type="stmt" count="127"/>
      <line num="76" type="stmt" count="127"/>
      <line num="78" type="stmt" count="127"/>
      <line num="80" type="stmt" count="127"/>
      <line num="81" type="stmt" count="127"/>
      <line num="82" type="stmt" count="127"/>
      <line num="85" type="stmt" count="127"/>
      <line num="86" type="stmt" count="127"/>
      <line num="95" type="method" name="boot" visibility="public" complexity="6" crap="6" count="127"/>
      <line num="97" type="stmt" count="127"/>
      <line num="98" type="stmt" count="127"/>
      <line num="99" type="stmt" count="127"/>
      <line num="100" type="stmt" count="127"/>
      <line num="101" type="stmt" count="6"/>
      <line num="102" type="stmt" count="6"/>
      <line num="103" type="stmt" count="6"/>
      <line num="105" type="stmt" count="127"/>
      <line num="108" type="stmt" count="127"/>
      <line num="110" type="stmt" count="127"/>
      <line num="112" type="stmt" count="127"/>
      <line num="114" type="stmt" count="127"/>
      <line num="115" type="stmt" count="127"/>
      <line num="116" type="stmt" count="127"/>
      <line num="119" type="stmt" count="127"/>
      <line num="122" type="stmt" count="127"/>
      <line num="124" type="stmt" count="127"/>
      <line num="126" type="stmt" count="127"/>
      <line num="127" type="stmt" count="50"/>
      <line num="128" type="stmt" count="127"/>
      <line num="130" type="stmt" count="127"/>
      <line num="132" type="stmt" count="127"/>
      <line num="133" type="stmt" count="0"/>
      <line num="140" type="method" name="loadHelpers" visibility="protected" complexity="2" crap="2" count="127"/>
      <line num="142" type="stmt" count="127"/>
      <line num="143" type="stmt" count="127"/>
      <line num="150" type="method" name="registerViewComposers" visibility="protected" complexity="1" crap="1" count="127"/>
      <line num="153" type="stmt" count="127"/>
      <line num="154" type="stmt" count="48"/>
      <line num="155" type="stmt" count="127"/>
      <line num="161" type="method" name="addStorageSymlinkAlert" visibility="protected" complexity="12" crap="30.00" count="50"/>
      <line num="163" type="stmt" count="50"/>
      <line num="164" type="stmt" count="47"/>
      <line num="166" type="stmt" count="3"/>
      <line num="168" type="stmt" count="50"/>
      <line num="170" type="stmt" count="50"/>
      <line num="171" type="stmt" count="44"/>
      <line num="174" type="stmt" count="6"/>
      <line num="176" type="stmt" count="6"/>
      <line num="177" type="stmt" count="0"/>
      <line num="178" type="stmt" count="0"/>
      <line num="179" type="stmt" count="0"/>
      <line num="183" type="stmt" count="0"/>
      <line num="184" type="stmt" count="0"/>
      <line num="186" type="stmt" count="6"/>
      <line num="187" type="stmt" count="6"/>
      <line num="188" type="stmt" count="0"/>
      <line num="189" type="stmt" count="0"/>
      <line num="190" type="stmt" count="0"/>
      <line num="191" type="stmt" count="0"/>
      <line num="192" type="stmt" count="0"/>
      <line num="197" type="method" name="fixMissingStorageSymlink" visibility="protected" complexity="2" crap="6" count="0"/>
      <line num="199" type="stmt" count="0"/>
      <line num="201" type="stmt" count="0"/>
      <line num="202" type="stmt" count="0"/>
      <line num="203" type="stmt" count="0"/>
      <line num="204" type="stmt" count="0"/>
      <line num="206" type="stmt" count="0"/>
      <line num="207" type="stmt" count="0"/>
      <line num="208" type="stmt" count="0"/>
      <line num="211" type="stmt" count="0"/>
      <line num="217" type="method" name="registerAlertComponents" visibility="protected" complexity="2" crap="2" count="127"/>
      <line num="219" type="stmt" count="127"/>
      <line num="221" type="stmt" count="127"/>
      <line num="222" type="stmt" count="127"/>
      <line num="224" type="stmt" count="127"/>
      <line num="228" type="method" name="bootTranslatorCollectionMacros" visibility="protected" complexity="2" crap="2" count="127"/>
      <line num="230" type="stmt" count="127"/>
      <line num="231" type="stmt" count="1"/>
      <line num="233" type="stmt" count="1"/>
      <line num="234" type="stmt" count="1"/>
      <line num="237" type="stmt" count="1"/>
      <line num="238" type="stmt" count="127"/>
      <line num="244" type="method" name="registerPublishableResources" visibility="private" complexity="2" crap="2" count="127"/>
      <line num="246" type="stmt" count="127"/>
      <line num="248" type="stmt" count="127"/>
      <line num="249" type="stmt" count="127"/>
      <line num="250" type="stmt" count="127"/>
      <line num="251" type="stmt" count="127"/>
      <line num="252" type="stmt" count="127"/>
      <line num="253" type="stmt" count="127"/>
      <line num="254" type="stmt" count="127"/>
      <line num="255" type="stmt" count="127"/>
      <line num="256" type="stmt" count="127"/>
      <line num="257" type="stmt" count="127"/>
      <line num="259" type="stmt" count="127"/>
      <line num="261" type="stmt" count="127"/>
      <line num="262" type="stmt" count="127"/>
      <line num="266" type="method" name="registerConfigs" visibility="public" complexity="1" crap="1" count="127"/>
      <line num="268" type="stmt" count="127"/>
      <line num="269" type="stmt" count="127"/>
      <line num="270" type="stmt" count="127"/>
      <line num="271" type="stmt" count="127"/>
      <line num="274" type="method" name="loadAuth" visibility="public" complexity="8" crap="8.12" count="127"/>
      <line num="282" type="stmt" count="127"/>
      <line num="283" type="stmt" count="127"/>
      <line num="284" type="stmt" count="127"/>
      <line num="286" type="stmt" count="127"/>
      <line num="287" type="stmt" count="127"/>
      <line num="288" type="stmt" count="127"/>
      <line num="289" type="stmt" count="127"/>
      <line num="290" type="stmt" count="127"/>
      <line num="293" type="stmt" count="127"/>
      <line num="296" type="stmt" count="127"/>
      <line num="298" type="stmt" count="0"/>
      <line num="299" type="stmt" count="0"/>
      <line num="303" type="stmt" count="127"/>
      <line num="304" type="stmt" count="127"/>
      <line num="305" type="stmt" count="35"/>
      <line num="306" type="stmt" count="127"/>
      <line num="310" type="method" name="registerFormFields" visibility="protected" complexity="2" crap="2" count="127"/>
      <line num="312" type="stmt" count="127"/>
      <line num="313" type="stmt" count="127"/>
      <line num="314" type="stmt" count="127"/>
      <line num="315" type="stmt" count="127"/>
      <line num="316" type="stmt" count="127"/>
      <line num="317" type="stmt" count="127"/>
      <line num="318" type="stmt" count="127"/>
      <line num="319" type="stmt" count="127"/>
      <line num="320" type="stmt" count="127"/>
      <line num="321" type="stmt" count="127"/>
      <line num="322" type="stmt" count="127"/>
      <line num="323" type="stmt" count="127"/>
      <line num="324" type="stmt" count="127"/>
      <line num="325" type="stmt" count="127"/>
      <line num="326" type="stmt" count="127"/>
      <line num="327" type="stmt" count="127"/>
      <line num="328" type="stmt" count="127"/>
      <line num="329" type="stmt" count="127"/>
      <line num="330" type="stmt" count="127"/>
      <line num="331" type="stmt" count="127"/>
      <line num="332" type="stmt" count="127"/>
      <line num="333" type="stmt" count="127"/>
      <line num="334" type="stmt" count="127"/>
      <line num="335" type="stmt" count="127"/>
      <line num="337" type="stmt" count="127"/>
      <line num="338" type="stmt" count="127"/>
      <line num="340" type="stmt" count="127"/>
      <line num="343" type="stmt" count="127"/>
      <line num="345" type="stmt" count="127"/>
      <line num="351" type="method" name="registerConsoleCommands" visibility="private" complexity="1" crap="1" count="127"/>
      <line num="353" type="stmt" count="127"/>
      <line num="354" type="stmt" count="127"/>
      <line num="355" type="stmt" count="127"/>
      <line num="361" type="method" name="registerAppCommands" visibility="private" complexity="1" crap="1" count="127"/>
      <line num="363" type="stmt" count="127"/>
      <metrics loc="366" ncloc="326" classes="1" methods="14" coveredmethods="10" conditionals="0" coveredconditionals="0" statements="154" coveredstatements="132" elements="168" coveredelements="142"/>
    </file>
    <file name="/Users/neurotools/Developer/voyager/src/Widgets/BaseDimmer.php">
      <class name="TCG\Voyager\Widgets\BaseDimmer" namespace="global">
        <metrics complexity="1" methods="1" coveredmethods="0" conditionals="0" coveredconditionals="0" statements="1" coveredstatements="0" elements="2" coveredelements="0"/>
      </class>
      <line num="14" type="method" name="shouldBeDisplayed" visibility="public" complexity="1" crap="2" count="0"/>
      <line num="16" type="stmt" count="0"/>
      <metrics loc="19" ncloc="14" classes="1" methods="1" coveredmethods="0" conditionals="0" coveredconditionals="0" statements="1" coveredstatements="0" elements="2" coveredelements="0"/>
    </file>
    <file name="/Users/neurotools/Developer/voyager/src/Widgets/PageDimmer.php">
      <class name="TCG\Voyager\Widgets\PageDimmer" namespace="global">
        <metrics complexity="2" methods="2" coveredmethods="2" conditionals="0" coveredconditionals="0" statements="13" coveredstatements="13" elements="15" coveredelements="15"/>
      </class>
      <line num="22" type="method" name="run" visibility="public" complexity="1" crap="1" count="8"/>
      <line num="24" type="stmt" count="8"/>
      <line num="25" type="stmt" count="8"/>
      <line num="27" type="stmt" count="8"/>
      <line num="28" type="stmt" count="8"/>
      <line num="29" type="stmt" count="8"/>
      <line num="30" type="stmt" count="8"/>
      <line num="31" type="stmt" count="8"/>
      <line num="32" type="stmt" count="8"/>
      <line num="33" type="stmt" count="8"/>
      <line num="34" type="stmt" count="8"/>
      <line num="35" type="stmt" count="8"/>
      <line num="36" type="stmt" count="8"/>
      <line num="44" type="method" name="shouldBeDisplayed" visibility="public" complexity="1" crap="1" count="9"/>
      <line num="46" type="stmt" count="9"/>
      <metrics loc="49" ncloc="35" classes="1" methods="2" coveredmethods="2" conditionals="0" coveredconditionals="0" statements="13" coveredstatements="13" elements="15" coveredelements="15"/>
    </file>
    <file name="/Users/neurotools/Developer/voyager/src/Widgets/PostDimmer.php">
      <class name="TCG\Voyager\Widgets\PostDimmer" namespace="global">
        <metrics complexity="2" methods="2" coveredmethods="2" conditionals="0" coveredconditionals="0" statements="13" coveredstatements="13" elements="15" coveredelements="15"/>
      </class>
      <line num="22" type="method" name="run" visibility="public" complexity="1" crap="1" count="8"/>
      <line num="24" type="stmt" count="8"/>
      <line num="25" type="stmt" count="8"/>
      <line num="27" type="stmt" count="8"/>
      <line num="28" type="stmt" count="8"/>
      <line num="29" type="stmt" count="8"/>
      <line num="30" type="stmt" count="8"/>
      <line num="31" type="stmt" count="8"/>
      <line num="32" type="stmt" count="8"/>
      <line num="33" type="stmt" count="8"/>
      <line num="34" type="stmt" count="8"/>
      <line num="35" type="stmt" count="8"/>
      <line num="36" type="stmt" count="8"/>
      <line num="44" type="method" name="shouldBeDisplayed" visibility="public" complexity="1" crap="1" count="9"/>
      <line num="46" type="stmt" count="9"/>
      <metrics loc="49" ncloc="35" classes="1" methods="2" coveredmethods="2" conditionals="0" coveredconditionals="0" statements="13" coveredstatements="13" elements="15" coveredelements="15"/>
    </file>
    <file name="/Users/neurotools/Developer/voyager/src/Widgets/UserDimmer.php">
      <class name="TCG\Voyager\Widgets\UserDimmer" namespace="global">
        <metrics complexity="2" methods="2" coveredmethods="2" conditionals="0" coveredconditionals="0" statements="13" coveredstatements="13" elements="15" coveredelements="15"/>
      </class>
      <line num="22" type="method" name="run" visibility="public" complexity="1" crap="1" count="8"/>
      <line num="24" type="stmt" count="8"/>
      <line num="25" type="stmt" count="8"/>
      <line num="27" type="stmt" count="8"/>
      <line num="28" type="stmt" count="8"/>
      <line num="29" type="stmt" count="8"/>
      <line num="30" type="stmt" count="8"/>
      <line num="31" type="stmt" count="8"/>
      <line num="32" type="stmt" count="8"/>
      <line num="33" type="stmt" count="8"/>
      <line num="34" type="stmt" count="8"/>
      <line num="35" type="stmt" count="8"/>
      <line num="36" type="stmt" count="8"/>
      <line num="44" type="method" name="shouldBeDisplayed" visibility="public" complexity="1" crap="1" count="9"/>
      <line num="46" type="stmt" count="9"/>
      <metrics loc="49" ncloc="35" classes="1" methods="2" coveredmethods="2" conditionals="0" coveredconditionals="0" statements="13" coveredstatements="13" elements="15" coveredelements="15"/>
    </file>
    <metrics files="205" loc="12193" ncloc="10741" classes="190" methods="554" coveredmethods="294" conditionals="0" coveredconditionals="0" statements="3970" coveredstatements="2486" elements="4524" coveredelements="2780"/>
  </project>
</coverage>
